<?xml version="1.0" encoding="UTF-8"?>
<!-- Generated by org.testng.reporters.JUnitReportReporter -->
<testsuite hostname="DESKTOP-P39CJOI" failures="0" tests="9" name="PARA_BANK_Runner.PAPABank_Runner" time="28.692" errors="1" timestamp="2023-03-29T14:50:45 IST" skipped="0">
  <testcase classname="PARA_BANK_Runner.PAPABank_Runner" name="repeat" time="1.541"/>
  <system-out/>
  <testcase classname="PARA_BANK_Runner.PAPABank_Runner" name="Test_with_invalid_Data" time="20.035"/>
  <system-out/>
  <testcase classname="PARA_BANK_Runner.PAPABank_Runner" name="Test_with_Blank_Data" time="1.009"/>
  <system-out/>
  <testcase classname="PARA_BANK_Runner.PAPABank_Runner" name="Test_with_Valid_Data" time="2.407"/>
  <system-out/>
  <testcase classname="PARA_BANK_Runner.PAPABank_Runner" name="Verify_First_Amount" time="0.373"/>
  <system-out/>
  <testcase classname="PARA_BANK_Runner.PAPABank_Runner" name="create_an_account" time="1.911"/>
  <system-out/>
  <testcase classname="PARA_BANK_Runner.PAPABank_Runner" name="list_Accounts" time="0.019">
    <error message="Cannot invoke &quot;org.openqa.selenium.WebDriver.manage()&quot; because &quot;PARA_Bank.Locaotors.StoreAccounts.driver&quot; is null" type="java.lang.NullPointerException">
      <![CDATA[java.lang.NullPointerException: Cannot invoke "org.openqa.selenium.WebDriver.manage()" because "PARA_Bank.Locaotors.StoreAccounts.driver" is null
at PARA_Bank.Locaotors.StoreAccounts.Verify_Accounts_are_Different(StoreAccounts.java:32)
at PARA_BANK_Runner.PAPABank_Runner.list_Accounts(PAPABank_Runner.java:81)
at java.base/jdk.internal.reflect.NativeMethodAccessorImpl.invoke0(Native Method)
at java.base/jdk.internal.reflect.NativeMethodAccessorImpl.invoke(NativeMethodAccessorImpl.java:77)
at java.base/jdk.internal.reflect.DelegatingMethodAccessorImpl.invoke(DelegatingMethodAccessorImpl.java:43)
at java.base/java.lang.reflect.Method.invoke(Method.java:568)
at org.testng.internal.MethodInvocationHelper.invokeMethod(MethodInvocationHelper.java:133)
at org.testng.internal.TestInvoker.invokeMethod(TestInvoker.java:598)
at org.testng.internal.TestInvoker.invokeTestMethod(TestInvoker.java:173)
at org.testng.internal.MethodRunner.runInSequence(MethodRunner.java:46)
at org.testng.internal.TestInvoker$MethodInvocationAgent.invoke(TestInvoker.java:824)
at org.testng.internal.TestInvoker.invokeTestMethods(TestInvoker.java:146)
at org.testng.internal.TestMethodWorker.invokeTestMethods(TestMethodWorker.java:146)
at org.testng.internal.TestMethodWorker.run(TestMethodWorker.java:128)
at java.base/java.util.ArrayList.forEach(ArrayList.java:1511)
at org.testng.TestRunner.privateRun(TestRunner.java:794)
at org.testng.TestRunner.run(TestRunner.java:596)
at org.testng.SuiteRunner.runTest(SuiteRunner.java:377)
at org.testng.SuiteRunner.runSequentially(SuiteRunner.java:371)
at org.testng.SuiteRunner.privateRun(SuiteRunner.java:332)
at org.testng.SuiteRunner.run(SuiteRunner.java:276)
at org.testng.SuiteRunnerWorker.runSuite(SuiteRunnerWorker.java:53)
at org.testng.SuiteRunnerWorker.run(SuiteRunnerWorker.java:96)
at org.testng.TestNG.runSuitesSequentially(TestNG.java:1212)
at org.testng.TestNG.runSuitesLocally(TestNG.java:1134)
at org.testng.TestNG.runSuites(TestNG.java:1063)
at org.testng.TestNG.run(TestNG.java:1031)
at org.testng.remote.AbstractRemoteTestNG.run(AbstractRemoteTestNG.java:115)
at org.testng.remote.RemoteTestNG.initAndRun(RemoteTestNG.java:251)
at org.testng.remote.RemoteTestNG.main(RemoteTestNG.java:77)
]]>
    </error>
  </testcase> <!-- list_Accounts -->
  <system-out/>
  <testcase classname="PARA_BANK_Runner.PAPABank_Runner" name="check_balance" time="1.392"/>
  <system-out/>
  <testcase classname="PARA_BANK_Runner.PAPABank_Runner" name="print_List_of_balance" time="0.005"/>
  <system-out/>
</testsuite> <!-- PARA_BANK_Runner.PAPABank_Runner -->
